<?xml version="1.0" encoding="UTF-8"?>
<!-- Generated by org.testng.reporters.JUnitXMLReporter -->
<testsuite ignored="0" hostname="DESKTOP-89HMT6O" failures="1" tests="1" name="Default test" time="1.033" errors="0" timestamp="2023-08-03T12:56:31 GMT-04:00">
  <testcase classname="io.cucumber.testng.AbstractTestNGCucumberTests" name="runScenario" time="0.128">
    <failure type="java.lang.NullPointerException" message="Cannot invoke &amp;quot;org.openqa.selenium.WebDriver.get(String)&amp;quot; because the return value of &amp;quot;DriverFactory.driverfactry.getdriver()&amp;quot; is null">
      <![CDATA[java.lang.NullPointerException: Cannot invoke "org.openqa.selenium.WebDriver.get(String)" because the return value of "DriverFactory.driverfactry.getdriver()" is null
at StepDefinition.login_SD.launch_app(login_SD.java:14)
at ✽.Launch App(file:///C:/Users/Viru/Desktop/JavaPrograms/CucumberFrameWorkHrm/src/test/resources/Features/login.feature:25)
]]>
    </failure>
  </testcase> <!-- runScenario -->
</testsuite> <!-- Default test -->
