<?xml version="1.0" encoding="UTF-8"?>
<testng-results ignored="0" total="1" passed="0" failed="1" skipped="0">
  <reporter-output>
  </reporter-output>
  <suite started-at="2023-08-03T12:56:30 GMT-04:00" name="Default suite" finished-at="2023-08-03T12:56:31 GMT-04:00" duration-ms="1033">
    <groups>
      <group name="cucumber">
        <method signature="AbstractTestNGCucumberTests.runScenario(io.cucumber.testng.PickleWrapper,io.cucumber.testng.FeatureWrapper)[pri:0, instance:TestRunner.runner@c05fddc]" name="runScenario" class="io.cucumber.testng.AbstractTestNGCucumberTests"/>
      </group> <!-- cucumber -->
    </groups>
    <test started-at="2023-08-03T12:56:30 GMT-04:00" name="Default test" finished-at="2023-08-03T12:56:31 GMT-04:00" duration-ms="1033">
      <class name="TestRunner.runner">
        <test-method is-config="true" signature="setUpClass(org.testng.ITestContext)[pri:0, instance:TestRunner.runner@c05fddc]" started-at="2023-08-03T12:56:30 GMT-04:00" name="setUpClass" finished-at="2023-08-03T12:56:31 GMT-04:00" duration-ms="789" status="PASS">
          <params>
            <param index="0">
              <value>
                <![CDATA[org.testng.TestRunner@705202d1]]>
              </value>
            </param>
          </params>
          <reporter-output>
          </reporter-output>
        </test-method> <!-- setUpClass -->
        <test-method signature="runScenario(io.cucumber.testng.PickleWrapper,io.cucumber.testng.FeatureWrapper)[pri:0, instance:TestRunner.runner@c05fddc]" started-at="2023-08-03T12:56:31 GMT-04:00" name="runScenario" description="Runs Cucumber Scenarios" data-provider="scenarios" finished-at="2023-08-03T12:56:31 GMT-04:00" duration-ms="128" status="FAIL">
          <params>
            <param index="0">
              <value>
                <![CDATA["Login"]]>
              </value>
            </param>
            <param index="1">
              <value>
                <![CDATA["Title of your feature"]]>
              </value>
            </param>
          </params>
          <exception class="java.lang.NullPointerException">
            <message>
              <![CDATA[Cannot invoke "org.openqa.selenium.WebDriver.get(String)" because the return value of "DriverFactory.driverfactry.getdriver()" is null]]>
            </message>
            <full-stacktrace>
              <![CDATA[java.lang.NullPointerException: Cannot invoke "org.openqa.selenium.WebDriver.get(String)" because the return value of "DriverFactory.driverfactry.getdriver()" is null
at StepDefinition.login_SD.launch_app(login_SD.java:14)
at ✽.Launch App(file:///C:/Users/Viru/Desktop/JavaPrograms/CucumberFrameWorkHrm/src/test/resources/Features/login.feature:25)
]]>
            </full-stacktrace>
          </exception> <!-- java.lang.NullPointerException -->
          <reporter-output>
          </reporter-output>
        </test-method> <!-- runScenario -->
        <test-method is-config="true" signature="tearDownClass()[pri:0, instance:TestRunner.runner@c05fddc]" started-at="2023-08-03T12:56:31 GMT-04:00" name="tearDownClass" finished-at="2023-08-03T12:56:31 GMT-04:00" duration-ms="56" status="PASS">
          <reporter-output>
          </reporter-output>
        </test-method> <!-- tearDownClass -->
      </class> <!-- TestRunner.runner -->
    </test> <!-- Default test -->
  </suite> <!-- Default suite -->
</testng-results>
