<?xml version="1.0" encoding="UTF-8"?>
<!-- Generated by org.testng.reporters.JUnitReportReporter -->
<testsuite hostname="DESKTOP-89HMT6O" failures="0" tests="1" name="TestRunner.runner" time="0.128" errors="1" timestamp="2023-08-03T12:56:31 GMT-04:00" skipped="0">
  <testcase classname="TestRunner.runner" name="runScenario" time="0.128">
    <error message="Cannot invoke &quot;org.openqa.selenium.WebDriver.get(String)&quot; because the return value of &quot;DriverFactory.driverfactry.getdriver()&quot; is null" type="java.lang.NullPointerException">
      <![CDATA[java.lang.NullPointerException: Cannot invoke "org.openqa.selenium.WebDriver.get(String)" because the return value of "DriverFactory.driverfactry.getdriver()" is null
at StepDefinition.login_SD.launch_app(login_SD.java:14)
at ✽.Launch App(file:///C:/Users/Viru/Desktop/JavaPrograms/CucumberFrameWorkHrm/src/test/resources/Features/login.feature:25)
]]>
    </error>
  </testcase> <!-- runScenario -->
  <system-out/>
</testsuite> <!-- TestRunner.runner -->
